# Desine started        : Sat Sep 24 16:20:39 2016
# Parameter file        : doc/parameters-bcube16Kn7k4
# Print to stdout       : no
# Output filename       : out
Sim Type 0 Buf Type 0Iteration 0 started
k=4 hosts=16807 tors=12005 total=28812
Links=84035 Configuration= (4,7)
Conns created: conns=84035 Pairs=84035
Iteration 0: Topology Created
Iteration 1 started
Iteration 1: Topology Created
Iteration 2 started
Iteration 2: Topology Created
Iteration 3 started
Iteration 3: Topology Created
Iteration 4 started
Iteration 4: Topology Created
Iteration 5 started
Iteration 5: Topology Created
Iteration 6 started
Iteration 6: Topology Created
Iteration 7 started
Iteration 7: Topology Created
Iteration 8 started
Iteration 8: Topology Created
Iteration 9 started
Iteration 9: Topology Created
Iteration 10 started
Iteration 10: Topology Created
Iteration 11 started
Iteration 11: Topology Created
Iteration 12 started
Iteration 12: Topology Created
Iteration 13 started
Iteration 13: Topology Created
Iteration 14 started
Iteration 14: Topology Created
Iteration 15 started
Iteration 15: Topology Created
Iteration 16 started
Iteration 16: Topology Created
Iteration 17 started
Iteration 17: Topology Created
Iteration 18 started
Iteration 18: Topology Created
Iteration 19 started
Iteration 19: Topology Created
Iteration 20 started
Iteration 20: Topology Created
Iteration 21 started
Iteration 21: Topology Created
Iteration 22 started
Iteration 22: Topology Created
Iteration 23 started
Iteration 23: Topology Created
Iteration 24 started
Iteration 24: Topology Created

 Flow Total 9817.56
 FlowAccepted 9763.88
 FlowBlocked 0
 FlowRejectSetup 53.68
 Data Total 276975
 Data Accepted 274933
 Data Blocked 0
 Data RejectSetup 2042.56
 NumUpdates 3.34392e+07
 Processing Time 1511.8
 AvgHopcount 9.57557
# Desine finished: Sat Sep 24 16:37:06 2016

# Desine started        : Sat Sep 24 16:37:06 2016
# Parameter file        : doc/parameters-bcube16Kn5k5
# Print to stdout       : no
# Output filename       : out
Sim Type 0 Buf Type 0Iteration 0 started
k=5 hosts=15625 tors=18750 total=34375
Links=93750 Configuration= (5,5)
Conns created: conns=93750 Pairs=93750
Iteration 0: Topology Created
Iteration 1 started
Iteration 1: Topology Created
Iteration 2 started
Iteration 2: Topology Created
Iteration 3 started
Iteration 3: Topology Created
Iteration 4 started
Iteration 4: Topology Created
Iteration 5 started
Iteration 5: Topology Created
Iteration 6 started
Iteration 6: Topology Created
Iteration 7 started
Iteration 7: Topology Created
Iteration 8 started
Iteration 8: Topology Created
Iteration 9 started
Iteration 9: Topology Created
Iteration 10 started
Iteration 10: Topology Created
Iteration 11 started
Iteration 11: Topology Created
Iteration 12 started
Iteration 12: Topology Created
Iteration 13 started
Iteration 13: Topology Created
Iteration 14 started
Iteration 14: Topology Created
Iteration 15 started
Iteration 15: Topology Created
Iteration 16 started
Iteration 16: Topology Created
Iteration 17 started
Iteration 17: Topology Created
Iteration 18 started
Iteration 18: Topology Created
Iteration 19 started
Iteration 19: Topology Created
Iteration 20 started
Iteration 20: Topology Created
Iteration 21 started
Iteration 21: Topology Created
Iteration 22 started
Iteration 22: Topology Created
Iteration 23 started
Iteration 23: Topology Created
Iteration 24 started
Iteration 24: Topology Created

 Flow Total 9821
 FlowAccepted 9764.8
 FlowBlocked 0
 FlowRejectSetup 56.2
 Data Total 278440
 Data Accepted 276394
 Data Blocked 0
 Data RejectSetup 2046.76
 NumUpdates 3.747e+07
 Processing Time 1673.05
 AvgHopcount 10.6077
# Desine finished: Sat Sep 24 17:00:38 2016

# Desine started        : Sat Sep 24 17:00:38 2016
# Parameter file        : doc/parameters-bcube16Kn4k6
# Print to stdout       : no
# Output filename       : out
Sim Type 0 Buf Type 0Iteration 0 started
k=6 hosts=16384 tors=28672 total=45056
Links=114688 Configuration= (6,4)
Conns created: conns=114688 Pairs=114688
Iteration 0: Topology Created
Iteration 1 started
Iteration 1: Topology Created
Iteration 2 started
Iteration 2: Topology Created
Iteration 3 started
Iteration 3: Topology Created
Iteration 4 started
Iteration 4: Topology Created
Iteration 5 started
Iteration 5: Topology Created
Iteration 6 started
Iteration 6: Topology Created
Iteration 7 started
Iteration 7: Topology Created
Iteration 8 started
Iteration 8: Topology Created
Iteration 9 started
Iteration 9: Topology Created
Iteration 10 started
Iteration 10: Topology Created
Iteration 11 started
Iteration 11: Topology Created
Iteration 12 started
Iteration 12: Topology Created
Iteration 13 started
Iteration 13: Topology Created
Iteration 14 started
Iteration 14: Topology Created
Iteration 15 started
Iteration 15: Topology Created
Iteration 16 started
Iteration 16: Topology Created
Iteration 17 started
Iteration 17: Topology Created
Iteration 18 started
Iteration 18: Topology Created
Iteration 19 started
Iteration 19: Topology Created
Iteration 20 started
Iteration 20: Topology Created
Iteration 21 started
Iteration 21: Topology Created
Iteration 22 started
Iteration 22: Topology Created
Iteration 23 started
Iteration 23: Topology Created
Iteration 24 started
Iteration 24: Topology Created

 Flow Total 9818.96
 FlowAccepted 9767.68
 FlowBlocked 0
 FlowRejectSetup 51.28
 Data Total 279408
 Data Accepted 277535
 Data Blocked 0
 Data RejectSetup 1872.36
 NumUpdates 4.57743e+07
 Processing Time 1813.07
 AvgHopcount 11.4964
# Desine finished: Sat Sep 24 17:36:53 2016

# Desine started        : Sat Sep 24 17:36:53 2016
# Parameter file        : doc/parameters-bcube16Kn3k9
# Print to stdout       : no
# Output filename       : out
Sim Type 0 Buf Type 0Iteration 0 started
k=9 hosts=59049 tors=196830 total=255879
Links=590490 Configuration= (9,3)
Conns created: conns=590490 Pairs=590490
Iteration 0: Topology Created
Iteration 1 started
Iteration 1: Topology Created
Iteration 2 started
Iteration 2: Topology Created
Iteration 3 started
Iteration 3: Topology Created
