# Desine started        : Sat Sep 24 19:47:47 2016
# Parameter file        : doc/parameters-bcube16Kn3k8
# Print to stdout       : no
# Output filename       : out
Sim Type 0 Buf Type 0Iteration 0 started
k=8 hosts=19683 tors=59049 total=78732
Links=177147 Configuration= (8,3)
Conns created: conns=177147 Pairs=177147
Iteration 0: Topology Created
Iteration 1 started
Iteration 1: Topology Created
Iteration 2 started
Iteration 2: Topology Created
Iteration 3 started
Iteration 3: Topology Created
Iteration 4 started
Iteration 4: Topology Created
Iteration 5 started
Iteration 5: Topology Created
Iteration 6 started
Iteration 6: Topology Created
Iteration 7 started
Iteration 7: Topology Created
Iteration 8 started
Iteration 8: Topology Created
Iteration 9 started
Iteration 9: Topology Created
Iteration 10 started
Iteration 10: Topology Created
Iteration 11 started
Iteration 11: Topology Created
Iteration 12 started
Iteration 12: Topology Created
Iteration 13 started
Iteration 13: Topology Created
Iteration 14 started
Iteration 14: Topology Created
Iteration 15 started
Iteration 15: Topology Created
Iteration 16 started
Iteration 16: Topology Created
Iteration 17 started
Iteration 17: Topology Created
Iteration 18 started
Iteration 18: Topology Created
Iteration 19 started
Iteration 19: Topology Created
Iteration 20 started
Iteration 20: Topology Created
Iteration 21 started
Iteration 21: Topology Created
Iteration 22 started
Iteration 22: Topology Created
Iteration 23 started
Iteration 23: Topology Created
Iteration 24 started
Iteration 24: Topology Created

 Flow Total 9814.64
 FlowAccepted 9783.92
 FlowBlocked 0
 FlowRejectSetup 30.72
 Data Total 279224
 Data Accepted 278231
 Data Blocked 0
 Data RejectSetup 993.168
 NumUpdates 7.07596e+07
 Processing Time 2052.14
 AvgHopcount 12.9957
# Desine finished: Sat Sep 24 21:09:56 2016

# Desine started        : Sat Sep 24 21:09:56 2016
# Parameter file        : doc/parameters-bcube16Kn2k13
# Print to stdout       : no
# Output filename       : out
Sim Type 0 Buf Type 0Iteration 0 started
k=13 hosts=16384 tors=114688 total=131072
Links=229376 Configuration= (13,2)
Conns created: conns=229376 Pairs=229376
Iteration 0: Topology Created
Iteration 1 started
Iteration 1: Topology Created
Iteration 2 started
Iteration 2: Topology Created
Iteration 3 started
Iteration 3: Topology Created
Iteration 4 started
Iteration 4: Topology Created
