# Desine started        : Sun Aug 21 21:18:04 2016
# Parameter file        : doc/parameters-slimnet10K16K1
# Print to stdout       : no
# Output filename       : out
Sim Type 0 Buf Type 0Iteration 0 started
k=3 hosts=16384 tors=4096 total=20480
Links=835584 Configuration= (3,8,4)
Iteration 0: Topology Created
Iteration 1 started
Iteration 1: Topology Created
Iteration 2 started
Iteration 2: Topology Created
Iteration 3 started
Iteration 3: Topology Created
Iteration 4 started
Iteration 4: Topology Created
Iteration 5 started
Iteration 5: Topology Created
Iteration 6 started
Iteration 6: Topology Created
Iteration 7 started
Iteration 7: Topology Created
Iteration 8 started
Iteration 8: Topology Created
Iteration 9 started
Iteration 9: Topology Created
Iteration 10 started
Iteration 10: Topology Created
Iteration 11 started
Iteration 11: Topology Created
Iteration 12 started
Iteration 12: Topology Created
Iteration 13 started
Iteration 13: Topology Created
Iteration 14 started
Iteration 14: Topology Created
Iteration 15 started
Iteration 15: Topology Created
Iteration 16 started
Iteration 16: Topology Created
Iteration 17 started
Iteration 17: Topology Created
Iteration 18 started
Iteration 18: Topology Created
Iteration 19 started
Iteration 19: Topology Created
Iteration 20 started
Iteration 20: Topology Created
Iteration 21 started
Iteration 21: Topology Created
Iteration 22 started
Iteration 22: Topology Created
Iteration 23 started
Iteration 23: Topology Created
Iteration 24 started
Iteration 24: Topology Created

 Flow Total 9818.88
 FlowAccepted 8901.72
 FlowBlocked 0
 FlowRejectSetup 917.16
 Data Total 278191
 Data Accepted 247184
 Data Blocked 0
 Data RejectSetup 31007.2
 NumUpdates 1.47712e+08
 Processing Time 1157.25
 AvgHopcount 8.09927
# Desine finished: Sun Aug 21 21:24:51 2016

# Desine started        : Sun Aug 21 21:24:51 2016
# Parameter file        : doc/parameters-slimnet10K32K1
# Print to stdout       : no
# Output filename       : out
Sim Type 0 Buf Type 0Iteration 0 started
k=4 hosts=32768 tors=32768 total=65536
Links=67305472 Configuration= (4,8,1)
Iteration 0: Topology Created
Iteration 1 started
Iteration 1: Topology Created
Iteration 2 started
Iteration 2: Topology Created
Iteration 3 started
Iteration 3: Topology Created
Iteration 4 started
Iteration 4: Topology Created
Iteration 5 started
Iteration 5: Topology Created
Iteration 6 started
Iteration 6: Topology Created
Iteration 7 started
Iteration 7: Topology Created
Iteration 8 started
Iteration 8: Topology Created
Iteration 9 started
Iteration 9: Topology Created
Iteration 10 started
Iteration 10: Topology Created
Iteration 11 started
Iteration 11: Topology Created
Iteration 12 started
Iteration 12: Topology Created
Iteration 13 started
Iteration 13: Topology Created
Iteration 14 started
Iteration 14: Topology Created
Iteration 15 started
Iteration 15: Topology Created
Iteration 16 started
Iteration 16: Topology Created
Iteration 17 started
Iteration 17: Topology Created
Iteration 18 started
Iteration 18: Topology Created
Iteration 19 started
Iteration 19: Topology Created
Iteration 20 started
Iteration 20: Topology Created
Iteration 21 started
Iteration 21: Topology Created
Iteration 22 started
Iteration 22: Topology Created
Iteration 23 started
Iteration 23: Topology Created
Iteration 24 started
Iteration 24: Topology Created

 Flow Total 9820
 FlowAccepted 9776.24
 FlowBlocked 0
 FlowRejectSetup 43.76
 Data Total 277199
 Data Accepted 275676
 Data Blocked 0
 Data RejectSetup 1522.82
 NumUpdates 1.11031e+10
 Processing Time 1587.03
 AvgHopcount 10.0451
# Desine finished: Mon Aug 22 04:32:36 2016

# Desine started        : Mon Aug 22 04:32:36 2016
# Parameter file        : doc/parameters-slimnet10K64K1
# Print to stdout       : no
# Output filename       : out
Sim Type 0 Buf Type 0Iteration 0 started
k=4 hosts=65536 tors=32768 total=98304
Links=67371008 Configuration= (4,8,2)
Iteration 0: Topology Created
Iteration 1 started
Iteration 1: Topology Created
Iteration 2 started
Iteration 2: Topology Created
Iteration 3 started
Iteration 3: Topology Created
Iteration 4 started
Iteration 4: Topology Created
Iteration 5 started
Iteration 5: Topology Created
Iteration 6 started
Iteration 6: Topology Created
Iteration 7 started
Iteration 7: Topology Created
Iteration 8 started
Iteration 8: Topology Created
Iteration 9 started
Iteration 9: Topology Created
Iteration 10 started
Iteration 10: Topology Created
Iteration 11 started
Iteration 11: Topology Created
Iteration 12 started
Iteration 12: Topology Created
Iteration 13 started
Iteration 13: Topology Created
Iteration 14 started
Iteration 14: Topology Created
Iteration 15 started
Iteration 15: Topology Created
Iteration 16 started
Iteration 16: Topology Created
Iteration 17 started
Iteration 17: Topology Created
Iteration 18 started
Iteration 18: Topology Created
Iteration 19 started
Iteration 19: Topology Created
Iteration 20 started
Iteration 20: Topology Created
Iteration 21 started
Iteration 21: Topology Created
Iteration 22 started
Iteration 22: Topology Created
Iteration 23 started
Iteration 23: Topology Created
Iteration 24 started
Iteration 24: Topology Created

 Flow Total 9819.2
 FlowAccepted 9776.8
 FlowBlocked 0
 FlowRejectSetup 42.4
 Data Total 279085
 Data Accepted 277645
 Data Blocked 0
 Data RejectSetup 1440.01
 NumUpdates 1.11005e+10
 Processing Time 1585.57
 AvgHopcount 10.0394
# Desine finished: Mon Aug 22 11:41:19 2016

# Desine started        : Mon Aug 22 11:41:19 2016
# Parameter file        : doc/parameters-slimnet10K128K1
# Print to stdout       : no
# Output filename       : out
Sim Type 0 Buf Type 0Iteration 0 started
k=4 hosts=131072 tors=32768 total=163840
Links=67502080 Configuration= (4,8,4)
Iteration 0: Topology Created
Iteration 1 started
Iteration 1: Topology Created
Iteration 2 started
Iteration 2: Topology Created
Iteration 3 started
Iteration 3: Topology Created
Iteration 4 started
Iteration 4: Topology Created
Iteration 5 started
Iteration 5: Topology Created
Iteration 6 started
Iteration 6: Topology Created
Iteration 7 started
Iteration 7: Topology Created
Iteration 8 started
Iteration 8: Topology Created
Iteration 9 started
Iteration 9: Topology Created
Iteration 10 started
Iteration 10: Topology Created
Iteration 11 started
Iteration 11: Topology Created
Iteration 12 started
Iteration 12: Topology Created
Iteration 13 started
Iteration 13: Topology Created
Iteration 14 started
Iteration 14: Topology Created
Iteration 15 started
Iteration 15: Topology Created
Iteration 16 started
Iteration 16: Topology Created
Iteration 17 started
Iteration 17: Topology Created
Iteration 18 started
Iteration 18: Topology Created
Iteration 19 started
Iteration 19: Topology Created
Iteration 20 started
Iteration 20: Topology Created
Iteration 21 started
Iteration 21: Topology Created
Iteration 22 started
Iteration 22: Topology Created
Iteration 23 started
Iteration 23: Topology Created
Iteration 24 started
Iteration 24: Topology Created

 Flow Total 9821.56
 FlowAccepted 9778.48
 FlowBlocked 0
 FlowRejectSetup 43.08
 Data Total 276671
 Data Accepted 275050
 Data Blocked 0
 Data RejectSetup 1620.9
 NumUpdates 1.1187e+10
 Processing Time 1588.97
 AvgHopcount 10.0466
# Desine finished: Mon Aug 22 18:53:49 2016

