# Desine started        : Sun Sep 25 16:40:42 2016
# Parameter file        : doc/parameters-bcuben18k3
# Print to stdout       : no
# Output filename       : out
Sim Type 0 Buf Type 0Iteration 0 started
k=3 hosts=104976 tors=23328 total=128304
Links=419904 Configuration= (3,18)
Conns created: conns=419904 Pairs=419904
Iteration 0: Topology Created
Iteration 1 started
Iteration 1: Topology Created
Iteration 2 started
Iteration 2: Topology Created
Iteration 3 started
Iteration 3: Topology Created
Iteration 4 started
Iteration 4: Topology Created
Iteration 5 started
Iteration 5: Topology Created
Iteration 6 started
Iteration 6: Topology Created
Iteration 7 started
Iteration 7: Topology Created
Iteration 8 started
Iteration 8: Topology Created
Iteration 9 started
Iteration 9: Topology Created
Iteration 10 started
Iteration 10: Topology Created
Iteration 11 started
Iteration 11: Topology Created
Iteration 12 started
Iteration 12: Topology Created
Iteration 13 started
Iteration 13: Topology Created
Iteration 14 started
Iteration 14: Topology Created
Iteration 15 started
Iteration 15: Topology Created
Iteration 16 started
Iteration 16: Topology Created
Iteration 17 started
Iteration 17: Topology Created
Iteration 18 started
Iteration 18: Topology Created
Iteration 19 started
Iteration 19: Topology Created
Iteration 20 started
Iteration 20: Topology Created
Iteration 21 started
Iteration 21: Topology Created
Iteration 22 started
Iteration 22: Topology Created
Iteration 23 started
Iteration 23: Topology Created
Iteration 24 started
Iteration 24: Topology Created

 Flow Total 9820.92
 FlowAccepted 9819.56
 FlowBlocked 0
 FlowRejectSetup 1.36
 Data Total 277941
 Data Accepted 277858
 Data Blocked 0
 Data RejectSetup 82.915
 NumUpdates 1.66887e+08
 Processing Time 1358.2
 AvgHopcount 8.5547
# Desine finished: Sun Sep 25 17:42:48 2016

