# Desine started        : Thu Aug 18 06:49:29 2016
# Parameter file        : doc/parameters-slimnet10K16K
# Print to stdout       : no
# Output filename       : out
Sim Type 0 Buf Type 0Iteration 0 started
k=3 hosts=16384 tors=4096 total=20480
Links=835584
Iteration 0: Topology Created
Iteration 1 started
Iteration 1: Topology Created
Iteration 2 started
Iteration 2: Topology Created
Iteration 3 started
Iteration 3: Topology Created
Iteration 4 started
Iteration 4: Topology Created
Iteration 5 started
Iteration 5: Topology Created
Iteration 6 started
Iteration 6: Topology Created
Iteration 7 started
Iteration 7: Topology Created
Iteration 8 started
Iteration 8: Topology Created
Iteration 9 started
Iteration 9: Topology Created
Iteration 10 started
Iteration 10: Topology Created
Iteration 11 started
Iteration 11: Topology Created
Iteration 12 started
Iteration 12: Topology Created
Iteration 13 started
Iteration 13: Topology Created
Iteration 14 started
Iteration 14: Topology Created
Iteration 15 started
Iteration 15: Topology Created
Iteration 16 started
Iteration 16: Topology Created
Iteration 17 started
Iteration 17: Topology Created
Iteration 18 started
Iteration 18: Topology Created
Iteration 19 started
Iteration 19: Topology Created
Iteration 20 started
Iteration 20: Topology Created
Iteration 21 started
Iteration 21: Topology Created
Iteration 22 started
Iteration 22: Topology Created
Iteration 23 started
Iteration 23: Topology Created
Iteration 24 started
Iteration 24: Topology Created

 Flow Total 9094.72
 FlowAccepted 6411.32
 FlowBlocked 0
 FlowRejectSetup 2683.4
 Data Total 274998
 Data Accepted 187569
 Data Blocked 0
 Data RejectSetup 87428.8
 NumUpdates 1.43234e+07
 Processing Time 799.81
 AvgHopcount 8.10808
# Desine finished: Thu Aug 18 06:55:57 2016

# Desine started        : Thu Aug 18 06:55:57 2016
# Parameter file        : doc/parameters-slimnet10K32K
# Print to stdout       : no
# Output filename       : out
Sim Type 0 Buf Type 0Iteration 0 started
k=4 hosts=32768 tors=32768 total=65536
Links=67305472
Iteration 0: Topology Created
Iteration 1 started
Iteration 1: Topology Created
Iteration 2 started
Iteration 2: Topology Created
Iteration 3 started
Iteration 3: Topology Created
Iteration 4 started
Iteration 4: Topology Created
Iteration 5 started
Iteration 5: Topology Created
Iteration 6 started
Iteration 6: Topology Created
Iteration 7 started
Iteration 7: Topology Created
Iteration 8 started
Iteration 8: Topology Created
Iteration 9 started
Iteration 9: Topology Created
Iteration 10 started
Iteration 10: Topology Created
Iteration 11 started
Iteration 11: Topology Created
Iteration 12 started
Iteration 12: Topology Created
Iteration 13 started
Iteration 13: Topology Created
Iteration 14 started
Iteration 14: Topology Created
Iteration 15 started
Iteration 15: Topology Created
Iteration 16 started
Iteration 16: Topology Created
Iteration 17 started
Iteration 17: Topology Created
Iteration 18 started
Iteration 18: Topology Created
Iteration 19 started
Iteration 19: Topology Created
Iteration 20 started
Iteration 20: Topology Created
Iteration 21 started
Iteration 21: Topology Created
Iteration 22 started
Iteration 22: Topology Created
Iteration 23 started
Iteration 23: Topology Created
Iteration 24 started
Iteration 24: Topology Created

 Flow Total 9096
 FlowAccepted 8864.52
 FlowBlocked 0
 FlowRejectSetup 231.48
 Data Total 274201
 Data Accepted 266107
 Data Blocked 0
 Data RejectSetup 8094.17
 NumUpdates 1.09916e+09
 Processing Time 1410.92
 AvgHopcount 10.0373
# Desine finished: Thu Aug 18 14:03:14 2016

