# Desine started        : Sun Aug 14 23:23:58 2016
# Parameter file        : doc/parameters-slimnet10K16K
# Print to stdout       : no
# Output filename       : out
(2,8,32)
Sim Type 0 Buf Type 0Iteration 0 started
k=2 hosts=16384 tors=512 total=16896
Links=43008
Iteration 0: Topology Created
Iteration 1 started
Iteration 1: Topology Created
Iteration 2 started
Iteration 2: Topology Created
Iteration 3 started
Iteration 3: Topology Created
Iteration 4 started
Iteration 4: Topology Created
Iteration 5 started
Iteration 5: Topology Created
Iteration 6 started
Iteration 6: Topology Created
Iteration 7 started
Iteration 7: Topology Created
Iteration 8 started
Iteration 8: Topology Created
Iteration 9 started
Iteration 9: Topology Created
Iteration 10 started
Iteration 10: Topology Created
Iteration 11 started
Iteration 11: Topology Created
Iteration 12 started
Iteration 12: Topology Created
Iteration 13 started
Iteration 13: Topology Created
Iteration 14 started
Iteration 14: Topology Created
Iteration 15 started
Iteration 15: Topology Created
Iteration 16 started
Iteration 16: Topology Created
Iteration 17 started
Iteration 17: Topology Created
Iteration 18 started
Iteration 18: Topology Created
Iteration 19 started
Iteration 19: Topology Created
Iteration 20 started
Iteration 20: Topology Created
Iteration 21 started
Iteration 21: Topology Created
Iteration 22 started
Iteration 22: Topology Created
Iteration 23 started
Iteration 23: Topology Created
Iteration 24 started
Iteration 24: Topology Created

 Flow Total 9095.68
 FlowAccepted 2359.92
 FlowBlocked 0
 FlowRejectSetup 6735.76
 Data Total 274290
 Data Accepted 69730.9
 Data Blocked 0
 Data RejectSetup 204560
 NumUpdates 831222
 Processing Time 197.075
 AvgHopcount 6.1447
# Desine finished: Sun Aug 14 23:24:51 2016

